<?xml version="1.0" encoding="UTF-8"?>
<testsuite name="TestSmartCasts" tests="3" skipped="0" failures="0" errors="0" timestamp="2026-06-07T20:31:13.256Z" hostname="jkoch-MS-7C37" time="0.005">
  <properties/>
  <testcase name="testNum" classname="TestSmartCasts" time="0.004"/>
  <testcase name="testSum" classname="TestSmartCasts" time="0.0"/>
  <testcase name="testRecursion" classname="TestSmartCasts" time="0.0"/>
  <system-out><![CDATA[]]></system-out>
  <system-err><![CDATA[]]></system-err>
</testsuite>
